INFO [2024-09-24 22:05:39] $x
INFO [2024-09-24 22:05:39] list(Acute = acute_set, Chronic = chronic_set)
INFO [2024-09-24 22:05:39] 
INFO [2024-09-24 22:05:39] $category.names
INFO [2024-09-24 22:05:39] c("Acute", "Chronic")
INFO [2024-09-24 22:05:39] 
INFO [2024-09-24 22:05:39] $filename
INFO [2024-09-24 22:05:39] NULL
INFO [2024-09-24 22:05:39] 
INFO [2024-09-24 22:05:39] $output
INFO [2024-09-24 22:05:39] [1] TRUE
INFO [2024-09-24 22:05:39] 
INFO [2024-09-24 22:05:39] $fill
INFO [2024-09-24 22:05:39] c("lightblue", "lightgreen")
INFO [2024-09-24 22:05:39] 
INFO [2024-09-24 22:05:39] $alpha
INFO [2024-09-24 22:05:39] [1] 0.5
INFO [2024-09-24 22:05:39] 
INFO [2024-09-24 22:05:39] $cex
INFO [2024-09-24 22:05:39] [1] 1.5
INFO [2024-09-24 22:05:39] 
INFO [2024-09-24 22:05:39] $fontface
INFO [2024-09-24 22:05:39] [1] "bold"
INFO [2024-09-24 22:05:39] 
INFO [2024-09-24 22:05:39] $cat.cex
INFO [2024-09-24 22:05:39] [1] 1.5
INFO [2024-09-24 22:05:39] 
INFO [2024-09-24 22:05:39] $cat.pos
INFO [2024-09-24 22:05:39] c(-20, 20)
INFO [2024-09-24 22:05:39] 
INFO [2024-09-24 22:05:39] $cat.dist
INFO [2024-09-24 22:05:39] [1] 0.05
INFO [2024-09-24 22:05:39] 
INFO [2024-09-24 22:05:39] $cat.fontface
INFO [2024-09-24 22:05:39] [1] "bold"
INFO [2024-09-24 22:05:39] 
