INFO [2024-09-25 22:53:59] $x
INFO [2024-09-25 22:53:59] list(RT = rt_mutations, SHB = shb_mutations, PreCore = precore_mutations, 
INFO [2024-09-25 22:53:59]     Core = core_mutations)
INFO [2024-09-25 22:53:59] 
INFO [2024-09-25 22:53:59] $category.names
INFO [2024-09-25 22:53:59] c("RT Region", "SHB Region", "PreCore Region", "Core Region")
INFO [2024-09-25 22:53:59] 
INFO [2024-09-25 22:53:59] $fill
INFO [2024-09-25 22:53:59] c("blue", "green", "red", "purple")
INFO [2024-09-25 22:53:59] 
INFO [2024-09-25 22:53:59] $alpha
INFO [2024-09-25 22:53:59] [1] 0.5
INFO [2024-09-25 22:53:59] 
INFO [2024-09-25 22:53:59] $cex
INFO [2024-09-25 22:53:59] [1] 1.5
INFO [2024-09-25 22:53:59] 
INFO [2024-09-25 22:53:59] $cat.cex
INFO [2024-09-25 22:53:59] [1] 1.5
INFO [2024-09-25 22:53:59] 
INFO [2024-09-25 22:53:59] $main
INFO [2024-09-25 22:53:59] [1] "Shared and Unique Mutations Across HBV Regions"
INFO [2024-09-25 22:53:59] 
INFO [2024-09-25 22:53:59] $filename
INFO [2024-09-25 22:53:59] NULL
INFO [2024-09-25 22:53:59] 
