INFO [2024-09-24 22:15:23] $x
INFO [2024-09-24 22:15:23] list(Acute = acute_set, Chronic = chronic_set)
INFO [2024-09-24 22:15:23] 
INFO [2024-09-24 22:15:23] $category.names
INFO [2024-09-24 22:15:23] c("Acute", "Chronic")
INFO [2024-09-24 22:15:23] 
INFO [2024-09-24 22:15:23] $filename
INFO [2024-09-24 22:15:23] NULL
INFO [2024-09-24 22:15:23] 
INFO [2024-09-24 22:15:23] $output
INFO [2024-09-24 22:15:23] [1] TRUE
INFO [2024-09-24 22:15:23] 
INFO [2024-09-24 22:15:23] $fill
INFO [2024-09-24 22:15:23] c("lightblue", "lightgreen")
INFO [2024-09-24 22:15:23] 
INFO [2024-09-24 22:15:23] $alpha
INFO [2024-09-24 22:15:23] [1] 0.5
INFO [2024-09-24 22:15:23] 
INFO [2024-09-24 22:15:23] $cex
INFO [2024-09-24 22:15:23] [1] 1.5
INFO [2024-09-24 22:15:23] 
INFO [2024-09-24 22:15:23] $fontface
INFO [2024-09-24 22:15:23] [1] "bold"
INFO [2024-09-24 22:15:23] 
INFO [2024-09-24 22:15:23] $cat.cex
INFO [2024-09-24 22:15:23] [1] 1.5
INFO [2024-09-24 22:15:23] 
INFO [2024-09-24 22:15:23] $cat.pos
INFO [2024-09-24 22:15:23] c(-20, 20)
INFO [2024-09-24 22:15:23] 
INFO [2024-09-24 22:15:23] $cat.dist
INFO [2024-09-24 22:15:23] [1] 0.05
INFO [2024-09-24 22:15:23] 
INFO [2024-09-24 22:15:23] $cat.fontface
INFO [2024-09-24 22:15:23] [1] "bold"
INFO [2024-09-24 22:15:23] 
INFO [2024-09-24 22:15:23] $lwd
INFO [2024-09-24 22:15:23] [1] 2
INFO [2024-09-24 22:15:23] 
INFO [2024-09-24 22:15:23] $label.col
INFO [2024-09-24 22:15:23] c("black", "black", "black")
INFO [2024-09-24 22:15:23] 
INFO [2024-09-24 22:15:23] $print.mode
INFO [2024-09-24 22:15:23] [1] "raw"
INFO [2024-09-24 22:15:23] 
INFO [2024-09-24 22:15:23] $rotation.degree
INFO [2024-09-24 22:15:23] [1] 0
INFO [2024-09-24 22:15:23] 
INFO [2024-09-24 22:15:23] $scaled
INFO [2024-09-24 22:15:23] [1] TRUE
INFO [2024-09-24 22:15:23] 
