INFO [2024-09-25 22:53:45] $x
INFO [2024-09-25 22:53:45] list(RT = rt_mutations, SHB = shb_mutations, PreCore = precore_mutations, 
INFO [2024-09-25 22:53:45]     Core = core_mutations)
INFO [2024-09-25 22:53:45] 
INFO [2024-09-25 22:53:45] $category.names
INFO [2024-09-25 22:53:45] c("RT Region", "SHB Region", "PreCore Region", "Core Region")
INFO [2024-09-25 22:53:45] 
INFO [2024-09-25 22:53:45] $fill
INFO [2024-09-25 22:53:45] c("blue", "green", "red", "purple")
INFO [2024-09-25 22:53:45] 
INFO [2024-09-25 22:53:45] $alpha
INFO [2024-09-25 22:53:45] [1] 0.5
INFO [2024-09-25 22:53:45] 
INFO [2024-09-25 22:53:45] $cex
INFO [2024-09-25 22:53:45] [1] 1.5
INFO [2024-09-25 22:53:45] 
INFO [2024-09-25 22:53:45] $cat.cex
INFO [2024-09-25 22:53:45] [1] 1.5
INFO [2024-09-25 22:53:45] 
INFO [2024-09-25 22:53:45] $main
INFO [2024-09-25 22:53:45] [1] "Shared and Unique Mutations Across HBV Regions"
INFO [2024-09-25 22:53:45] 
INFO [2024-09-25 22:53:45] $filename
INFO [2024-09-25 22:53:45] NULL
INFO [2024-09-25 22:53:45] 
