INFO [2024-09-25 23:02:21] $x
INFO [2024-09-25 23:02:21] list(RT = rt_mutations, SHB = shb_mutations, PreCore = precore_mutations, 
INFO [2024-09-25 23:02:21]     Core = core_mutations)
INFO [2024-09-25 23:02:21] 
INFO [2024-09-25 23:02:21] $category.names
INFO [2024-09-25 23:02:21] c("RT Region", "SHB Region", "PreCore Region", "Core Region")
INFO [2024-09-25 23:02:21] 
INFO [2024-09-25 23:02:21] $fill
INFO [2024-09-25 23:02:21] c("blue", "green", "red", "purple")
INFO [2024-09-25 23:02:21] 
INFO [2024-09-25 23:02:21] $alpha
INFO [2024-09-25 23:02:21] [1] 0.5
INFO [2024-09-25 23:02:21] 
INFO [2024-09-25 23:02:21] $cex
INFO [2024-09-25 23:02:21] [1] 1.2
INFO [2024-09-25 23:02:21] 
INFO [2024-09-25 23:02:21] $cat.cex
INFO [2024-09-25 23:02:21] [1] 1.5
INFO [2024-09-25 23:02:21] 
INFO [2024-09-25 23:02:21] $cat.fontface
INFO [2024-09-25 23:02:21] [1] "bold"
INFO [2024-09-25 23:02:21] 
INFO [2024-09-25 23:02:21] $fontface
INFO [2024-09-25 23:02:21] [1] "bold"
INFO [2024-09-25 23:02:21] 
INFO [2024-09-25 23:02:21] $main
INFO [2024-09-25 23:02:21] [1] "Shared and Unique Mutations Across HBV Regions"
INFO [2024-09-25 23:02:21] 
INFO [2024-09-25 23:02:21] $filename
INFO [2024-09-25 23:02:21] NULL
INFO [2024-09-25 23:02:21] 
