INFO [2024-09-25 23:02:05] $x
INFO [2024-09-25 23:02:05] list(RT = rt_mutations, SHB = shb_mutations, PreCore = precore_mutations, 
INFO [2024-09-25 23:02:05]     Core = core_mutations)
INFO [2024-09-25 23:02:05] 
INFO [2024-09-25 23:02:05] $category.names
INFO [2024-09-25 23:02:05] c("RT Region", "SHB Region", "PreCore Region", "Core Region")
INFO [2024-09-25 23:02:05] 
INFO [2024-09-25 23:02:05] $fill
INFO [2024-09-25 23:02:05] c("blue", "green", "red", "purple")
INFO [2024-09-25 23:02:05] 
INFO [2024-09-25 23:02:05] $alpha
INFO [2024-09-25 23:02:05] [1] 0.5
INFO [2024-09-25 23:02:05] 
INFO [2024-09-25 23:02:05] $cex
INFO [2024-09-25 23:02:05] [1] 1.2
INFO [2024-09-25 23:02:05] 
INFO [2024-09-25 23:02:05] $cat.cex
INFO [2024-09-25 23:02:05] [1] 1.5
INFO [2024-09-25 23:02:05] 
INFO [2024-09-25 23:02:05] $cat.fontface
INFO [2024-09-25 23:02:05] [1] "bold"
INFO [2024-09-25 23:02:05] 
INFO [2024-09-25 23:02:05] $fontface
INFO [2024-09-25 23:02:05] [1] "bold"
INFO [2024-09-25 23:02:05] 
INFO [2024-09-25 23:02:05] $main
INFO [2024-09-25 23:02:05] [1] "Shared and Unique Mutations Across HBV Regions"
INFO [2024-09-25 23:02:05] 
INFO [2024-09-25 23:02:05] $filename
INFO [2024-09-25 23:02:05] NULL
INFO [2024-09-25 23:02:05] 
