INFO [2024-09-24 22:15:32] $x
INFO [2024-09-24 22:15:32] list(Acute = acute_set, Chronic = chronic_set)
INFO [2024-09-24 22:15:32] 
INFO [2024-09-24 22:15:32] $category.names
INFO [2024-09-24 22:15:32] c("Acute", "Chronic")
INFO [2024-09-24 22:15:32] 
INFO [2024-09-24 22:15:32] $filename
INFO [2024-09-24 22:15:32] NULL
INFO [2024-09-24 22:15:32] 
INFO [2024-09-24 22:15:32] $output
INFO [2024-09-24 22:15:32] [1] TRUE
INFO [2024-09-24 22:15:32] 
INFO [2024-09-24 22:15:32] $fill
INFO [2024-09-24 22:15:32] c("lightblue", "lightgreen")
INFO [2024-09-24 22:15:32] 
INFO [2024-09-24 22:15:32] $alpha
INFO [2024-09-24 22:15:32] [1] 0.5
INFO [2024-09-24 22:15:32] 
INFO [2024-09-24 22:15:32] $cex
INFO [2024-09-24 22:15:32] [1] 1.5
INFO [2024-09-24 22:15:32] 
INFO [2024-09-24 22:15:32] $fontface
INFO [2024-09-24 22:15:32] [1] "bold"
INFO [2024-09-24 22:15:32] 
INFO [2024-09-24 22:15:32] $cat.cex
INFO [2024-09-24 22:15:32] [1] 1.5
INFO [2024-09-24 22:15:32] 
INFO [2024-09-24 22:15:32] $cat.pos
INFO [2024-09-24 22:15:32] c(-20, 20)
INFO [2024-09-24 22:15:32] 
INFO [2024-09-24 22:15:32] $cat.dist
INFO [2024-09-24 22:15:32] [1] 0.05
INFO [2024-09-24 22:15:32] 
INFO [2024-09-24 22:15:32] $cat.fontface
INFO [2024-09-24 22:15:32] [1] "bold"
INFO [2024-09-24 22:15:32] 
INFO [2024-09-24 22:15:32] $lwd
INFO [2024-09-24 22:15:32] [1] 2
INFO [2024-09-24 22:15:32] 
INFO [2024-09-24 22:15:32] $label.col
INFO [2024-09-24 22:15:32] c("black", "black", "black")
INFO [2024-09-24 22:15:32] 
INFO [2024-09-24 22:15:32] $print.mode
INFO [2024-09-24 22:15:32] [1] "raw"
INFO [2024-09-24 22:15:32] 
INFO [2024-09-24 22:15:32] $rotation.degree
INFO [2024-09-24 22:15:32] [1] 0
INFO [2024-09-24 22:15:32] 
INFO [2024-09-24 22:15:32] $scaled
INFO [2024-09-24 22:15:32] [1] TRUE
INFO [2024-09-24 22:15:32] 
