INFO [2024-09-24 22:05:19] $x
INFO [2024-09-24 22:05:19] list(Acute = acute_set, Chronic = chronic_set)
INFO [2024-09-24 22:05:19] 
INFO [2024-09-24 22:05:19] $category.names
INFO [2024-09-24 22:05:19] c("Acute", "Chronic")
INFO [2024-09-24 22:05:19] 
INFO [2024-09-24 22:05:19] $filename
INFO [2024-09-24 22:05:19] NULL
INFO [2024-09-24 22:05:19] 
INFO [2024-09-24 22:05:19] $output
INFO [2024-09-24 22:05:19] [1] TRUE
INFO [2024-09-24 22:05:19] 
INFO [2024-09-24 22:05:19] $fill
INFO [2024-09-24 22:05:19] c("lightblue", "lightgreen")
INFO [2024-09-24 22:05:19] 
INFO [2024-09-24 22:05:19] $alpha
INFO [2024-09-24 22:05:19] [1] 0.5
INFO [2024-09-24 22:05:19] 
INFO [2024-09-24 22:05:19] $cex
INFO [2024-09-24 22:05:19] [1] 1.5
INFO [2024-09-24 22:05:19] 
INFO [2024-09-24 22:05:19] $fontface
INFO [2024-09-24 22:05:19] [1] "bold"
INFO [2024-09-24 22:05:19] 
INFO [2024-09-24 22:05:19] $cat.cex
INFO [2024-09-24 22:05:19] [1] 1.5
INFO [2024-09-24 22:05:19] 
INFO [2024-09-24 22:05:19] $cat.pos
INFO [2024-09-24 22:05:19] c(-20, 20)
INFO [2024-09-24 22:05:19] 
INFO [2024-09-24 22:05:19] $cat.dist
INFO [2024-09-24 22:05:19] [1] 0.05
INFO [2024-09-24 22:05:19] 
INFO [2024-09-24 22:05:19] $cat.fontface
INFO [2024-09-24 22:05:19] [1] "bold"
INFO [2024-09-24 22:05:19] 
