INFO [2024-09-25 23:01:03] $x
INFO [2024-09-25 23:01:03] list(RT = rt_mutations, SHB = shb_mutations, PreCore = precore_mutations, 
INFO [2024-09-25 23:01:03]     Core = core_mutations)
INFO [2024-09-25 23:01:03] 
INFO [2024-09-25 23:01:03] $category.names
INFO [2024-09-25 23:01:03] c("RT Region", "SHB Region", "PreCore Region", "Core Region")
INFO [2024-09-25 23:01:03] 
INFO [2024-09-25 23:01:03] $fill
INFO [2024-09-25 23:01:03] c("blue", "green", "red", "purple")
INFO [2024-09-25 23:01:03] 
INFO [2024-09-25 23:01:03] $alpha
INFO [2024-09-25 23:01:03] [1] 0.5
INFO [2024-09-25 23:01:03] 
INFO [2024-09-25 23:01:03] $cex
INFO [2024-09-25 23:01:03] [1] 1.5
INFO [2024-09-25 23:01:03] 
INFO [2024-09-25 23:01:03] $cat.cex
INFO [2024-09-25 23:01:03] [1] 1.5
INFO [2024-09-25 23:01:03] 
INFO [2024-09-25 23:01:03] $main
INFO [2024-09-25 23:01:03] [1] "Shared and Unique Mutations Across HBV Regions"
INFO [2024-09-25 23:01:03] 
INFO [2024-09-25 23:01:03] $filename
INFO [2024-09-25 23:01:03] NULL
INFO [2024-09-25 23:01:03] 
